2019-07-20 01:18:34.453  INFO 5064 --- [main] c.i.p.PizzaBackendApplicationTests       : Starting PizzaBackendApplicationTests on DESKTOP-MS5PEI1 with PID 5064 (started by Ilirus in E:\RNC\IDEA\pizza)
2019-07-20 01:18:34.460  INFO 5064 --- [main] c.i.p.PizzaBackendApplicationTests       : No active profile set, falling back to default profiles: default
2019-07-20 01:18:48.122  INFO 5064 --- [main] c.i.p.PizzaBackendApplicationTests       : Started PizzaBackendApplicationTests in 14.271 seconds (JVM running for 15.481)
2019-07-20 02:10:42.700  INFO 9664 --- [main] c.i.p.PizzaBackendApplicationTests       : Starting PizzaBackendApplicationTests on DESKTOP-MS5PEI1 with PID 9664 (started by Ilirus in E:\RNC\IDEA\pizza)
2019-07-20 02:10:42.703  INFO 9664 --- [main] c.i.p.PizzaBackendApplicationTests       : No active profile set, falling back to default profiles: default
2019-07-20 02:10:51.878  INFO 9664 --- [main] c.i.p.PizzaBackendApplicationTests       : Started PizzaBackendApplicationTests in 9.722 seconds (JVM running for 10.947)
2019-07-20 02:11:55.942  INFO 13904 --- [restartedMain] c.i.p.PizzaBackendApplicationKt          : Starting PizzaBackendApplicationKt on DESKTOP-MS5PEI1 with PID 13904 (E:\RNC\IDEA\pizza\target\classes started by Ilirus in E:\RNC\IDEA\pizza)
2019-07-20 02:11:55.945  INFO 13904 --- [restartedMain] c.i.p.PizzaBackendApplicationKt          : No active profile set, falling back to default profiles: default
2019-07-20 02:11:55.993  INFO 13904 --- [restartedMain] .e.DevToolsPropertyDefaultsPostProcessor : Devtools property defaults active! Set 'spring.devtools.add-properties' to 'false' to disable
2019-07-20 02:11:55.994  INFO 13904 --- [restartedMain] .e.DevToolsPropertyDefaultsPostProcessor : For additional web related logging consider setting the 'logging.level.web' property to 'DEBUG'
2019-07-20 02:11:57.406  INFO 13904 --- [restartedMain] o.s.b.w.embedded.tomcat.TomcatWebServer  : Tomcat initialized with port(s): 8082 (http)
2019-07-20 02:11:57.432  INFO 13904 --- [restartedMain] o.apache.catalina.core.StandardService   : Starting service [Tomcat]
2019-07-20 02:11:57.433  INFO 13904 --- [restartedMain] org.apache.catalina.core.StandardEngine  : Starting Servlet engine: [Apache Tomcat/9.0.21]
2019-07-20 02:11:57.518  INFO 13904 --- [restartedMain] o.a.c.c.C.[Tomcat].[localhost].[/]       : Initializing Spring embedded WebApplicationContext
2019-07-20 02:11:57.518  INFO 13904 --- [restartedMain] o.s.web.context.ContextLoader            : Root WebApplicationContext: initialization completed in 1524 ms
2019-07-20 02:11:58.072  INFO 13904 --- [restartedMain] o.s.b.d.a.OptionalLiveReloadServer       : LiveReload server is running on port 35729
2019-07-20 02:11:58.115 ERROR 13904 --- [restartedMain] org.apache.catalina.util.LifecycleBase   : Failed to start component [Connector[HTTP/1.1-8082]]

org.apache.catalina.LifecycleException: Protocol handler start failed
	at org.apache.catalina.connector.Connector.startInternal(Connector.java:1008) ~[tomcat-embed-core-9.0.21.jar:9.0.21]
	at org.apache.catalina.util.LifecycleBase.start(LifecycleBase.java:183) ~[tomcat-embed-core-9.0.21.jar:9.0.21]
	at org.apache.catalina.core.StandardService.addConnector(StandardService.java:227) ~[tomcat-embed-core-9.0.21.jar:9.0.21]
	at org.springframework.boot.web.embedded.tomcat.TomcatWebServer.addPreviouslyRemovedConnectors(TomcatWebServer.java:263) ~[spring-boot-2.1.6.RELEASE.jar:2.1.6.RELEASE]
	at org.springframework.boot.web.embedded.tomcat.TomcatWebServer.start(TomcatWebServer.java:195) ~[spring-boot-2.1.6.RELEASE.jar:2.1.6.RELEASE]
	at org.springframework.boot.web.servlet.context.ServletWebServerApplicationContext.startWebServer(ServletWebServerApplicationContext.java:296) ~[spring-boot-2.1.6.RELEASE.jar:2.1.6.RELEASE]
	at org.springframework.boot.web.servlet.context.ServletWebServerApplicationContext.finishRefresh(ServletWebServerApplicationContext.java:162) ~[spring-boot-2.1.6.RELEASE.jar:2.1.6.RELEASE]
	at org.springframework.context.support.AbstractApplicationContext.refresh(AbstractApplicationContext.java:552) ~[spring-context-5.1.8.RELEASE.jar:5.1.8.RELEASE]
	at org.springframework.boot.web.servlet.context.ServletWebServerApplicationContext.refresh(ServletWebServerApplicationContext.java:140) ~[spring-boot-2.1.6.RELEASE.jar:2.1.6.RELEASE]
	at org.springframework.boot.SpringApplication.refresh(SpringApplication.java:742) ~[spring-boot-2.1.6.RELEASE.jar:2.1.6.RELEASE]
	at org.springframework.boot.SpringApplication.refreshContext(SpringApplication.java:389) ~[spring-boot-2.1.6.RELEASE.jar:2.1.6.RELEASE]
	at org.springframework.boot.SpringApplication.run(SpringApplication.java:311) ~[spring-boot-2.1.6.RELEASE.jar:2.1.6.RELEASE]
	at org.springframework.boot.SpringApplication.run(SpringApplication.java:1213) ~[spring-boot-2.1.6.RELEASE.jar:2.1.6.RELEASE]
	at org.springframework.boot.SpringApplication.run(SpringApplication.java:1202) ~[spring-boot-2.1.6.RELEASE.jar:2.1.6.RELEASE]
	at com.ilirus.pizzabackend.PizzaBackendApplicationKt.main(PizzaBackendApplication.kt:27) ~[classes/:na]
	at java.base/jdk.internal.reflect.NativeMethodAccessorImpl.invoke0(Native Method) ~[na:na]
	at java.base/jdk.internal.reflect.NativeMethodAccessorImpl.invoke(NativeMethodAccessorImpl.java:62) ~[na:na]
	at java.base/jdk.internal.reflect.DelegatingMethodAccessorImpl.invoke(DelegatingMethodAccessorImpl.java:43) ~[na:na]
	at java.base/java.lang.reflect.Method.invoke(Method.java:566) ~[na:na]
	at org.springframework.boot.devtools.restart.RestartLauncher.run(RestartLauncher.java:49) ~[spring-boot-devtools-2.1.6.RELEASE.jar:2.1.6.RELEASE]
Caused by: java.net.BindException: Address already in use: bind
	at java.base/sun.nio.ch.Net.bind0(Native Method) ~[na:na]
	at java.base/sun.nio.ch.Net.bind(Net.java:461) ~[na:na]
	at java.base/sun.nio.ch.Net.bind(Net.java:453) ~[na:na]
	at java.base/sun.nio.ch.ServerSocketChannelImpl.bind(ServerSocketChannelImpl.java:227) ~[na:na]
	at java.base/sun.nio.ch.ServerSocketAdaptor.bind(ServerSocketAdaptor.java:80) ~[na:na]
	at org.apache.tomcat.util.net.NioEndpoint.initServerSocket(NioEndpoint.java:230) ~[tomcat-embed-core-9.0.21.jar:9.0.21]
	at org.apache.tomcat.util.net.NioEndpoint.bind(NioEndpoint.java:213) ~[tomcat-embed-core-9.0.21.jar:9.0.21]
	at org.apache.tomcat.util.net.AbstractEndpoint.bindWithCleanup(AbstractEndpoint.java:1124) ~[tomcat-embed-core-9.0.21.jar:9.0.21]
	at org.apache.tomcat.util.net.AbstractEndpoint.start(AbstractEndpoint.java:1210) ~[tomcat-embed-core-9.0.21.jar:9.0.21]
	at org.apache.coyote.AbstractProtocol.start(AbstractProtocol.java:585) ~[tomcat-embed-core-9.0.21.jar:9.0.21]
	at org.apache.catalina.connector.Connector.startInternal(Connector.java:1005) ~[tomcat-embed-core-9.0.21.jar:9.0.21]
	... 19 common frames omitted

2019-07-20 02:11:58.121  INFO 13904 --- [restartedMain] o.apache.catalina.core.StandardService   : Stopping service [Tomcat]
2019-07-20 02:11:58.131  INFO 13904 --- [restartedMain] ConditionEvaluationReportLoggingListener : 

Error starting ApplicationContext. To display the conditions report re-run your application with 'debug' enabled.
2019-07-20 02:11:58.134 ERROR 13904 --- [restartedMain] o.s.b.d.LoggingFailureAnalysisReporter   : 

***************************
APPLICATION FAILED TO START
***************************

Description:

The Tomcat connector configured to listen on port 8082 failed to start. The port may already be in use or the connector may be misconfigured.

Action:

Verify the connector's configuration, identify and stop any process that's listening on port 8082, or configure this application to listen on another port.

2019-07-20 02:12:16.156  INFO 12580 --- [restartedMain] c.i.p.PizzaBackendApplicationKt          : Starting PizzaBackendApplicationKt on DESKTOP-MS5PEI1 with PID 12580 (E:\RNC\IDEA\pizza\target\classes started by Ilirus in E:\RNC\IDEA\pizza)
2019-07-20 02:12:16.159  INFO 12580 --- [restartedMain] c.i.p.PizzaBackendApplicationKt          : No active profile set, falling back to default profiles: default
2019-07-20 02:12:16.211  INFO 12580 --- [restartedMain] .e.DevToolsPropertyDefaultsPostProcessor : Devtools property defaults active! Set 'spring.devtools.add-properties' to 'false' to disable
2019-07-20 02:12:16.218  INFO 12580 --- [restartedMain] .e.DevToolsPropertyDefaultsPostProcessor : For additional web related logging consider setting the 'logging.level.web' property to 'DEBUG'
2019-07-20 02:12:17.701  INFO 12580 --- [restartedMain] o.s.b.w.embedded.tomcat.TomcatWebServer  : Tomcat initialized with port(s): 8082 (http)
2019-07-20 02:12:17.724  INFO 12580 --- [restartedMain] o.apache.catalina.core.StandardService   : Starting service [Tomcat]
2019-07-20 02:12:17.724  INFO 12580 --- [restartedMain] org.apache.catalina.core.StandardEngine  : Starting Servlet engine: [Apache Tomcat/9.0.21]
2019-07-20 02:12:17.811  INFO 12580 --- [restartedMain] o.a.c.c.C.[Tomcat].[localhost].[/]       : Initializing Spring embedded WebApplicationContext
2019-07-20 02:12:17.811  INFO 12580 --- [restartedMain] o.s.web.context.ContextLoader            : Root WebApplicationContext: initialization completed in 1593 ms
2019-07-20 02:12:18.346  INFO 12580 --- [restartedMain] o.s.b.d.a.OptionalLiveReloadServer       : LiveReload server is running on port 35729
2019-07-20 02:12:18.392  INFO 12580 --- [restartedMain] o.s.b.w.embedded.tomcat.TomcatWebServer  : Tomcat started on port(s): 8082 (http) with context path ''
2019-07-20 02:12:18.397  INFO 12580 --- [restartedMain] c.i.p.PizzaBackendApplicationKt          : Started PizzaBackendApplicationKt in 2.664 seconds (JVM running for 3.817)
2019-07-20 02:12:52.166  INFO 12580 --- [http-nio-8082-exec-1] o.a.c.c.C.[Tomcat].[localhost].[/]       : Initializing Spring DispatcherServlet 'dispatcherServlet'
2019-07-20 02:12:52.167  INFO 12580 --- [http-nio-8082-exec-1] o.s.web.servlet.DispatcherServlet        : Initializing Servlet 'dispatcherServlet'
2019-07-20 02:12:52.183  INFO 12580 --- [http-nio-8082-exec-1] o.s.web.servlet.DispatcherServlet        : Completed initialization in 15 ms
2019-07-20 02:12:52.469  INFO 12580 --- [http-nio-8082-exec-1] com.zaxxer.hikari.HikariDataSource       : HikariPool-1 - Starting...
2019-07-20 02:12:52.596  INFO 12580 --- [http-nio-8082-exec-1] com.zaxxer.hikari.HikariDataSource       : HikariPool-1 - Start completed.
2019-07-20 02:12:54.533  WARN 12580 --- [http-nio-8082-exec-2] o.a.c.util.SessionIdGeneratorBase        : Creation of SecureRandom instance for session ID generation using [SHA1PRNG] took [290] milliseconds.
